Flow report for abc
Tue Nov 12 13:42:59 2013
Quartus II Version 9.0 Build 132 02/25/2009 SJ Full Version


---------------------
; Table of Contents ;
---------------------
  1. Legal Notice
  2. Flow Summary
  3. Flow Settings
  4. Flow Non-Default Global Settings
  5. Flow Elapsed Time
  6. Flow OS Summary
  7. Flow Log



----------------
; Legal Notice ;
----------------
Copyright (C) 1991-2009 Altera Corporation
Your use of Altera Corporation's design tools, logic functions 
and other software and tools, and its AMPP partner logic 
functions, and any output files from any of the foregoing 
(including device programming or simulation files), and any 
associated documentation or information are expressly subject 
to the terms and conditions of the Altera Program License 
Subscription Agreement, Altera MegaCore Function License 
Agreement, or other applicable license agreement, including, 
without limitation, that your use is for the sole purpose of 
programming logic devices manufactured by Altera and sold by 
Altera or its authorized distributors.  Please refer to the 
applicable agreement for further details.



+--------------------------------------------------------------------+
; Flow Summary                                                       ;
+-------------------------+------------------------------------------+
; Flow Status             ; Successful - Tue Nov 12 13:42:59 2013    ;
; Quartus II Version      ; 9.0 Build 132 02/25/2009 SJ Full Version ;
; Revision Name           ; abc                                      ;
; Top-level Entity Name   ; abc                                      ;
; Family                  ; Cyclone                                  ;
; Device                  ; EP1C20F324C8                             ;
; Timing Models           ; Final                                    ;
; Met timing requirements ; Yes                                      ;
; Total logic elements    ; 31 / 20,060 ( < 1 % )                    ;
; Total pins              ; 15 / 233 ( 6 % )                         ;
; Total virtual pins      ; 0                                        ;
; Total memory bits       ; 768 / 294,912 ( < 1 % )                  ;
; Total PLLs              ; 0 / 2 ( 0 % )                            ;
+-------------------------+------------------------------------------+


+-----------------------------------------+
; Flow Settings                           ;
+-------------------+---------------------+
; Option            ; Setting             ;
+-------------------+---------------------+
; Start date & time ; 11/12/2013 13:42:48 ;
; Main task         ; Compilation         ;
; Revision Name     ; abc                 ;
+-------------------+---------------------+


+------------------------------------------------------------------------------------------------------------------------------+
; Flow Non-Default Global Settings                                                                                             ;
+------------------------------------+------------------------------------------+---------------+-------------+----------------+
; Assignment Name                    ; Value                                    ; Default Value ; Entity Name ; Section Id     ;
+------------------------------------+------------------------------------------+---------------+-------------+----------------+
; COMPILER_SIGNATURE_ID              ; 207220212780678.138423496807300          ; --            ; --          ; --             ;
; IP_TOOL_NAME                       ; LPM_COUNTER                              ; --            ; --          ; --             ;
; IP_TOOL_NAME                       ; LPM_COUNTER                              ; --            ; --          ; --             ;
; IP_TOOL_NAME                       ; LPM_COUNTER                              ; --            ; --          ; --             ;
; IP_TOOL_NAME                       ; LPM_ROM                                  ; --            ; --          ; --             ;
; IP_TOOL_VERSION                    ; 9.0                                      ; --            ; --          ; --             ;
; IP_TOOL_VERSION                    ; 9.0                                      ; --            ; --          ; --             ;
; IP_TOOL_VERSION                    ; 9.0                                      ; --            ; --          ; --             ;
; IP_TOOL_VERSION                    ; 9.0                                      ; --            ; --          ; --             ;
; MISC_FILE                          ; lpm_counter0.bsf                         ; --            ; --          ; --             ;
; MISC_FILE                          ; lpm_counter0.cmp                         ; --            ; --          ; --             ;
; MISC_FILE                          ; lpm_counter1.bsf                         ; --            ; --          ; --             ;
; MISC_FILE                          ; lpm_counter1.cmp                         ; --            ; --          ; --             ;
; MISC_FILE                          ; lpm_counter2.bsf                         ; --            ; --          ; --             ;
; MISC_FILE                          ; lpm_counter2.cmp                         ; --            ; --          ; --             ;
; MISC_FILE                          ; lpm_rom0.bsf                             ; --            ; --          ; --             ;
; MISC_FILE                          ; lpm_rom0.cmp                             ; --            ; --          ; --             ;
; MISC_FILE                          ; C:/Users/MathewsXing/Desktop/abc/abc.dpf ; --            ; --          ; --             ;
; PARTITION_COLOR                    ; 16764057                                 ; --            ; --          ; Top            ;
; PARTITION_NETLIST_TYPE             ; SOURCE                                   ; --            ; --          ; Top            ;
; USE_GENERATED_PHYSICAL_CONSTRAINTS ; Off                                      ; --            ; --          ; eda_blast_fpga ;
+------------------------------------+------------------------------------------+---------------+-------------+----------------+


+-----------------------------------------------------------------------------------------------------------------------------+
; Flow Elapsed Time                                                                                                           ;
+-------------------------+--------------+-------------------------+---------------------+------------------------------------+
; Module Name             ; Elapsed Time ; Average Processors Used ; Peak Virtual Memory ; Total CPU Time (on all processors) ;
+-------------------------+--------------+-------------------------+---------------------+------------------------------------+
; Analysis & Synthesis    ; 00:00:02     ; 1.0                     ; 242 MB              ; 00:00:02                           ;
; Fitter                  ; 00:00:05     ; 1.0                     ; 265 MB              ; 00:00:03                           ;
; Assembler               ; 00:00:00     ; 1.0                     ; 178 MB              ; 00:00:00                           ;
; Classic Timing Analyzer ; 00:00:00     ; 1.0                     ; 164 MB              ; 00:00:00                           ;
; Total                   ; 00:00:07     ; --                      ; --                  ; 00:00:05                           ;
+-------------------------+--------------+-------------------------+---------------------+------------------------------------+


+------------------------------------------------------------------------------------------+
; Flow OS Summary                                                                          ;
+-------------------------+------------------+---------------+------------+----------------+
; Module Name             ; Machine Hostname ; OS Name       ; OS Version ; Processor type ;
+-------------------------+------------------+---------------+------------+----------------+
; Analysis & Synthesis    ; MathewsXing-PC   ; Windows Vista ; 6.1        ; x86_64         ;
; Fitter                  ; MathewsXing-PC   ; Windows Vista ; 6.1        ; x86_64         ;
; Assembler               ; MathewsXing-PC   ; Windows Vista ; 6.1        ; x86_64         ;
; Classic Timing Analyzer ; MathewsXing-PC   ; Windows Vista ; 6.1        ; x86_64         ;
+-------------------------+------------------+---------------+------------+----------------+


------------
; Flow Log ;
------------
quartus_map --read_settings_files=on --write_settings_files=off abc -c abc
quartus_fit --read_settings_files=off --write_settings_files=off abc -c abc
quartus_asm --read_settings_files=off --write_settings_files=off abc -c abc
quartus_tan --read_settings_files=off --write_settings_files=off abc -c abc --timing_analysis_only



